<?xml version="1.0" encoding="UTF-8"?>
<!-- Generated by org.testng.reporters.JUnitReportReporter -->
<testsuite hostname="LAPTOP-1E9TTLVP" failures="0" tests="1" name="amazontest.Amazontestcases" time="12.858" errors="0" timestamp="2022-04-29T07:18:28 IST" skipped="0">
  <testcase classname="amazontest.Amazontestcases" name="tc01" time="12.858"/>
  <system-out/>
</testsuite> <!-- amazontest.Amazontestcases -->
